{
  "RSpec": {
    "coverage": {
      "/Users/danielvinciguerra/Projects/personal/schedroom/spec/helpers/application_helper_spec.rb": [
        1,
        null,
        null,
        null,
        null,
        null,
        null,
        null,
        null,
        null,
        null,
        null,
        1,
        null,
        1,
        1,
        1,
        null,
        null,
        null,
        1,
        1,
        1,
        null,
        null,
        null,
        1,
        1,
        1,
        null,
        1,
        1,
        1,
        1,
        null,
        null,
        null,
        null,
        1,
        1,
        1,
        null,
        null,
        null,
        null
      ],
      "/Users/danielvinciguerra/Projects/personal/schedroom/spec/rails_helper.rb": [
        null,
        1,
        1,
        1,
        null,
        1,
        1,
        null,
        null,
        null,
        null,
        null,
        null,
        null,
        null,
        null,
        null,
        null,
        null,
        null,
        null,
        null,
        3,
        null,
        null,
        null,
        1,
        null,
        1,
        null,
        1,
        null,
        null,
        null,
        null,
        1,
        null,
        null,
        null,
        null,
        null,
        null,
        null,
        null,
        null,
        null,
        null,
        null,
        null,
        null,
        1,
        null,
        null,
        1,
        null,
        null,
        null,
        null,
        1,
        null
      ],
      "/Users/danielvinciguerra/Projects/personal/schedroom/config/environment.rb": [
        null,
        1,
        null,
        null,
        1
      ],
      "/Users/danielvinciguerra/Projects/personal/schedroom/config/application.rb": [
        1,
        null,
        1,
        null,
        1,
        1,
        1,
        1,
        1,
        1,
        1,
        1,
        null,
        null,
        null,
        null,
        1,
        null,
        1,
        1,
        null,
        1,
        null,
        null,
        null,
        null,
        null,
        null,
        1,
        null,
        null,
        1,
        null,
        null
      ],
      "/Users/danielvinciguerra/Projects/personal/schedroom/config/boot.rb": [
        1,
        null,
        1
      ],
      "/Users/danielvinciguerra/Projects/personal/schedroom/config/environments/test.rb": [
        1,
        null,
        null,
        null,
        null,
        null,
        null,
        1,
        null,
        null,
        null,
        null,
        1,
        null,
        null,
        1,
        1,
        null,
        null,
        null,
        null,
        1,
        1,
        null,
        null,
        1,
        null,
        null,
        1,
        1,
        null,
        null,
        null,
        null,
        1,
        null,
        null,
        1,
        null,
        null,
        null,
        null
      ],
      "/Users/danielvinciguerra/Projects/personal/schedroom/config/initializers/application_controller_renderer.rb": [
        null,
        null,
        null,
        null,
        null,
        null,
        null,
        null
      ],
      "/Users/danielvinciguerra/Projects/personal/schedroom/config/initializers/assets.rb": [
        null,
        null,
        null,
        1,
        null,
        null,
        null,
        null,
        1,
        null,
        null,
        null,
        null,
        null
      ],
      "/Users/danielvinciguerra/Projects/personal/schedroom/config/initializers/backtrace_silencers.rb": [
        null,
        null,
        null,
        null,
        null,
        null,
        null
      ],
      "/Users/danielvinciguerra/Projects/personal/schedroom/config/initializers/cookies_serializer.rb": [
        null,
        null,
        null,
        null,
        1
      ],
      "/Users/danielvinciguerra/Projects/personal/schedroom/config/initializers/filter_parameter_logging.rb": [
        null,
        null,
        null,
        1
      ],
      "/Users/danielvinciguerra/Projects/personal/schedroom/config/initializers/inflections.rb": [
        null,
        null,
        null,
        null,
        null,
        null,
        null,
        null,
        null,
        null,
        null,
        null,
        null,
        null,
        null,
        null,
        null,
        1,
        1,
        null
      ],
      "/Users/danielvinciguerra/Projects/personal/schedroom/config/initializers/knock.rb": [
        1,
        null,
        null,
        null,
        null,
        null,
        null,
        null,
        null,
        1,
        null,
        null,
        null,
        null,
        null,
        null,
        null,
        null,
        null,
        null,
        null,
        null,
        null,
        null,
        null,
        null,
        null,
        null,
        null,
        null,
        null,
        null,
        null,
        null,
        null,
        null,
        null,
        null,
        null,
        null,
        null,
        null,
        null,
        null,
        null,
        null,
        null,
        null,
        null,
        null,
        null,
        null,
        null,
        null,
        null,
        null,
        null,
        null,
        null
      ],
      "/Users/danielvinciguerra/Projects/personal/schedroom/config/initializers/locale.rb": [
        null,
        1,
        1,
        1
      ],
      "/Users/danielvinciguerra/Projects/personal/schedroom/config/initializers/mime_types.rb": [
        null,
        null,
        null,
        null
      ],
      "/Users/danielvinciguerra/Projects/personal/schedroom/config/initializers/wrap_parameters.rb": [
        null,
        null,
        null,
        null,
        null,
        null,
        1,
        2,
        null,
        null,
        null,
        null,
        null,
        null
      ],
      "/Users/danielvinciguerra/Projects/personal/schedroom/spec/factories/room_schedules.rb": [
        1,
        1,
        1,
        1,
        1,
        1,
        1,
        null,
        null
      ],
      "/Users/danielvinciguerra/Projects/personal/schedroom/spec/factories/rooms.rb": [
        1,
        1,
        1,
        1,
        1,
        null,
        null
      ],
      "/Users/danielvinciguerra/Projects/personal/schedroom/spec/factories/users.rb": [
        1,
        1,
        1,
        1,
        1,
        1,
        null,
        null
      ],
      "/Users/danielvinciguerra/Projects/personal/schedroom/config/routes.rb": [
        1,
        null,
        1,
        1,
        1,
        null,
        null,
        1,
        null,
        1,
        null,
        null,
        null,
        null,
        null,
        1,
        1,
        null
      ],
      "/Users/danielvinciguerra/Projects/personal/schedroom/app/helpers/application_helper.rb": [
        1,
        null,
        1,
        null,
        1,
        1,
        null,
        null,
        null,
        1,
        1,
        null,
        null,
        1,
        2,
        null,
        null,
        1,
        1,
        null,
        null,
        1,
        0,
        null,
        null
      ],
      "/Users/danielvinciguerra/Projects/personal/schedroom/lib/schedroom/date.rb": [
        1,
        null,
        1,
        null,
        null,
        1,
        42,
        null,
        null,
        null,
        null
      ],
      "/Users/danielvinciguerra/Projects/personal/schedroom/spec/support/factory_girl.rb": [
        1,
        1,
        null
      ],
      "/Users/danielvinciguerra/Projects/personal/schedroom/spec/support/request_helpers.rb": [
        1,
        1,
        1,
        8,
        8,
        null,
        null,
        null,
        null,
        null
      ],
      "/Users/danielvinciguerra/Projects/personal/schedroom/spec/models/room_schedule_spec.rb": [
        1,
        null,
        1,
        null,
        1,
        1,
        null,
        null,
        1,
        1,
        null,
        null,
        1,
        1,
        1,
        null,
        null,
        1,
        1,
        1,
        5,
        null,
        null,
        null,
        1,
        1,
        1,
        null,
        null
      ],
      "/Users/danielvinciguerra/Projects/personal/schedroom/app/models/room_schedule.rb": [
        1,
        null,
        null,
        1,
        null,
        null,
        1,
        null,
        null,
        null,
        1,
        1,
        null,
        1,
        3,
        3,
        null,
        null,
        null,
        null
      ],
      "/Users/danielvinciguerra/Projects/personal/schedroom/app/models/application_record.rb": [
        1,
        1,
        null
      ],
      "/Users/danielvinciguerra/Projects/personal/schedroom/spec/models/room_spec.rb": [
        1,
        null,
        1,
        1,
        null
      ],
      "/Users/danielvinciguerra/Projects/personal/schedroom/app/models/room.rb": [
        1,
        null,
        null,
        1,
        null,
        null,
        1,
        null,
        null
      ],
      "/Users/danielvinciguerra/Projects/personal/schedroom/spec/models/user_spec.rb": [
        1,
        null,
        1,
        1,
        null
      ],
      "/Users/danielvinciguerra/Projects/personal/schedroom/app/models/user.rb": [
        1,
        null,
        1,
        1,
        null,
        null,
        1,
        null,
        null,
        1,
        null,
        null,
        1,
        null,
        null,
        1,
        null,
        null,
        1,
        null,
        null,
        1,
        6,
        null,
        null,
        null,
        1,
        6,
        null,
        null,
        null
      ],
      "/Users/danielvinciguerra/Projects/personal/schedroom/lib/schedroom/integration/gravatar_image.rb": [
        1,
        1,
        null,
        1,
        null,
        1,
        7,
        7,
        null,
        null,
        null,
        null
      ],
      "/Users/danielvinciguerra/Projects/personal/schedroom/spec/requests/v1/room_schedules_spec.rb": [
        1,
        null,
        1,
        1,
        6,
        null,
        null,
        1,
        6,
        null,
        null,
        1,
        1,
        1,
        null,
        null,
        null,
        null,
        1,
        1,
        null,
        null,
        null,
        1,
        1,
        2,
        null,
        null,
        1,
        2,
        null,
        null,
        null,
        1,
        1,
        null,
        null,
        1,
        1,
        null,
        null,
        null,
        1,
        1,
        2,
        null,
        null,
        1,
        2,
        null,
        null,
        null,
        1,
        1,
        null,
        null,
        1,
        1,
        1,
        null,
        null,
        null,
        1,
        1,
        1,
        null,
        null,
        1,
        1,
        null,
        null,
        null,
        1,
        1,
        null,
        null,
        null,
        null
      ],
      "/Users/danielvinciguerra/Projects/personal/schedroom/spec/requests/v1/user_profiles_spec.rb": [
        1,
        null,
        1,
        null,
        1,
        1,
        null,
        null,
        1,
        1,
        1,
        null,
        null,
        2,
        null,
        null
      ],
      "/Users/danielvinciguerra/Projects/personal/schedroom/spec/units/date_spec.rb": [
        1,
        1,
        null,
        1,
        1,
        null,
        4,
        null,
        null,
        4,
        null,
        1,
        2,
        null,
        null,
        null,
        1,
        1,
        null,
        null,
        1,
        1,
        null,
        null,
        1,
        6,
        1,
        null,
        null,
        null
      ],
      "/Users/danielvinciguerra/Projects/personal/schedroom/spec/units/gravatar_images_spec.rb": [
        1,
        null,
        1,
        1,
        1,
        1,
        null,
        null,
        1,
        1,
        1,
        null,
        null,
        null
      ],
      "/Users/danielvinciguerra/Projects/personal/schedroom/app/controllers/api/v1/user_profile_controller.rb": [
        1,
        1,
        1,
        1,
        null,
        0,
        null,
        null,
        null
      ],
      "/Users/danielvinciguerra/Projects/personal/schedroom/app/controllers/api/v1/base_controller.rb": [
        1,
        1,
        null,
        null,
        1,
        null,
        null
      ],
      "/Users/danielvinciguerra/Projects/personal/schedroom/app/controllers/api_controller.rb": [
        1,
        null
      ],
      "/Users/danielvinciguerra/Projects/personal/schedroom/app/serializers/user_serializer.rb": [
        1,
        1,
        null,
        null
      ],
      "/Users/danielvinciguerra/Projects/personal/schedroom/app/controllers/api/v1/room_schedule_controller.rb": [
        1,
        1,
        null,
        1,
        2,
        2,
        null,
        null,
        1,
        2,
        null,
        null,
        1,
        1,
        1,
        1,
        null,
        0,
        null,
        null,
        null,
        1,
        1,
        0,
        0,
        null,
        null,
        1,
        1,
        null,
        0,
        null,
        null,
        null,
        1,
        null,
        1,
        4,
        null,
        1,
        null,
        null,
        1,
        1,
        null,
        null,
        1,
        null,
        null
      ],
      "/Users/danielvinciguerra/Projects/personal/schedroom/app/serializers/room_schedule_serializer.rb": [
        1,
        1,
        null,
        1,
        1,
        null
      ]
    },
    "timestamp": 1508950131
  }
}
